2021-05-27 14:06:29 Config [INFO] 你的value值为：../drivers/chromedriver
2021-05-27 14:06:32 Config [INFO] 你的value值为：http://192.168.1.36/ecshop/admin
2021-05-27 14:06:38 BasePage [INFO] 你最大化了浏览器
2021-05-27 14:06:38 Login [INFO] 你往name属性为username的框中写入了caichang值
2021-05-27 14:06:38 ECLogin [INFO] 你点击了登录按钮
2021-05-27 14:07:29 Config [INFO] 你的value值为：../drivers/chromedriver
2021-05-27 14:07:32 Config [INFO] 你的value值为：http://192.168.1.36/ecshop/admin
2021-05-27 14:07:36 BasePage [INFO] 你最大化了浏览器
2021-05-27 14:07:36 Login [INFO] 你往name属性为username的框中写入了caichang值
2021-05-27 14:07:36 ECLogin [INFO] 你点击了登录按钮
2021-05-27 14:09:58 Config [INFO] 你的value值为：../drivers/chromedriver
2021-05-27 14:10:01 Config [INFO] 你的value值为：http://192.168.1.36/ecshop/admin
2021-05-27 14:10:08 BasePage [INFO] 你最大化了浏览器
2021-05-27 14:10:08 Login [INFO] 你往name属性为username的框中写入了caichang值
2021-05-27 14:10:08 ECLogin [INFO] 你点击了登录按钮
2021-05-27 14:10:26 Config [INFO] 你的value值为：../drivers/chromedriver
2021-05-27 14:10:29 Config [INFO] 你的value值为：http://192.168.1.36/ecshop/admin
2021-05-27 14:10:34 BasePage [INFO] 你最大化了浏览器
2021-05-27 14:10:34 Login [INFO] 你往name属性为username的框中写入了caichang值
2021-05-27 14:10:34 ECLogin [INFO] 你点击了登录按钮
2021-05-27 14:16:44 Config [INFO] 你的value值为：../drivers/chromedriver
2021-05-27 14:16:47 Config [INFO] 你的value值为：http://192.168.1.36/ecshop/admin
2021-05-27 14:16:50 BasePage [INFO] 你最大化了浏览器
2021-05-27 14:16:50 Login [INFO] 你往name属性为username的框中写入了caichang值
2021-05-27 14:16:51 ECLogin [INFO] 你点击了登录按钮
2021-05-27 14:26:13 Config [INFO] 对不起，你的base不存在
2021-05-27 14:27:22 Config [INFO] 对不起，你的base不存在
2021-05-27 14:29:30 Config [INFO] 对不起，你的base不存在
2021-05-27 14:30:52 Config [INFO] 你的value值为：../drivers/chromedriver
2021-05-27 14:30:55 Config [INFO] 你的value值为：http://192.168.1.36/ecshop/admin
2021-05-27 14:31:00 BasePage [INFO] 你最大化了浏览器
2021-05-27 14:31:00 Login [INFO] 你往name属性为username的框中写入了caichang值
2021-05-27 14:31:00 ECLogin [INFO] 你点击了登录按钮
2021-05-27 14:32:33 Config [INFO] 对不起，你的base不存在
2021-05-27 14:35:41 BasePage [INFO] 你最大化了浏览器
2021-05-27 14:35:41 Login [INFO] 你往name属性为username的框中写入了caichang值
2021-05-27 14:35:41 ECLogin [INFO] 你点击了登录按钮
2021-05-27 14:39:29 Config [INFO] 你的value值为：../drivers/chromedriver
2021-05-27 14:40:22 Config [INFO] 你的value值为：./drivers/chromedriver
2021-05-27 14:40:25 Config [INFO] 你的value值为：http://192.168.1.36/ecshop/admin
2021-05-27 14:40:31 BasePage [INFO] 你最大化了浏览器
2021-05-27 14:40:31 Login [INFO] 你往name属性为username的框中写入了caichang值
2021-05-27 14:40:31 ECLogin [INFO] 你点击了登录按钮
2021-05-27 14:41:20 Config [INFO] 你的value值为：./drivers/chromedriver
2021-05-27 14:41:23 Config [INFO] 你的value值为：http://192.168.1.36/ecshop/admin
2021-05-27 14:42:41 Config [INFO] 你的value值为：./drivers/chromedriver
2021-05-27 14:42:44 Config [INFO] 你的value值为：http://192.168.1.36/ecshop/admin
2021-05-27 14:42:48 BasePage [INFO] 你最大化了浏览器
2021-05-27 14:42:48 Login [INFO] 你往name属性为username的框中写入了caichang值
2021-05-27 14:42:48 ECLogin [INFO] 你点击了登录按钮
2021-05-27 15:37:17 Config [INFO] 你的value值为：./drivers/chromedriver
2021-05-27 15:37:20 Config [INFO] 你的value值为：http://192.168.1.36/ecshop/admin
2021-05-27 15:37:25 BasePage [INFO] 你最大化了浏览器
2021-05-27 15:37:25 Login [INFO] 你往name属性为username的框中写入了caichang值
2021-05-27 15:37:31 Config [INFO] 你的value值为：./drivers/chromedriver
2021-05-27 15:37:33 Config [INFO] 你的value值为：http://192.168.1.36/ecshop/admin
2021-05-27 15:37:38 BasePage [INFO] 你最大化了浏览器
2021-05-27 15:37:38 Login [INFO] 你往name属性为username的框中写入了caichang值
2021-05-27 15:37:38 ECLogin [INFO] 你点击了登录按钮
2021-05-27 15:39:44 Config [INFO] 你的value值为：./drivers/chromedriver
2021-05-27 15:39:47 Config [INFO] 你的value值为：http://192.168.1.36/ecshop/admin
2021-05-27 15:39:51 BasePage [INFO] 你最大化了浏览器
2021-05-27 15:39:51 Login [INFO] 你往name属性为username的框中写入了caichang值
2021-05-27 15:40:00 Config [INFO] 你的value值为：./drivers/chromedriver
2021-05-27 15:40:03 Config [INFO] 你的value值为：http://192.168.1.36/ecshop/admin
2021-05-27 15:40:08 BasePage [INFO] 你最大化了浏览器
2021-05-27 15:40:08 Login [INFO] 你往name属性为username的框中写入了caichang值
2021-05-27 15:40:13 Config [INFO] 你的value值为：./drivers/chromedriver
2021-05-27 15:40:16 Config [INFO] 你的value值为：http://192.168.1.36/ecshop/admin
2021-05-27 15:40:21 BasePage [INFO] 你最大化了浏览器
2021-05-27 15:40:21 Login [INFO] 你往name属性为username的框中写入了caichang值
2021-05-27 15:40:21 ECLogin [INFO] 你点击了登录按钮
2021-05-27 15:53:18 Config [INFO] 你的value值为：./drivers/chromedriver
2021-05-27 15:53:20 Config [INFO] 你的value值为：http://192.168.1.36/ecshop/admin
2021-05-27 15:53:25 BasePage [INFO] 你最大化了浏览器
2021-05-27 15:53:25 Login [INFO] 你往name属性为username的框中写入了caichang值
2021-05-27 15:53:25 ECLogin [INFO] 你点击了登录按钮
2021-05-27 15:55:04 Config [INFO] 你的value值为：./drivers/chromedriver
2021-05-27 15:55:07 Config [INFO] 你的value值为：http://192.168.1.36/ecshop/admin
2021-05-27 15:55:12 BasePage [INFO] 你最大化了浏览器
2021-05-27 15:55:12 Login [INFO] 你往name属性为username的框中写入了caichang值
2021-05-27 15:55:21 Config [INFO] 对不起，你的mysql不存在
2021-05-27 15:55:21 Config [INFO] 对不起，你的mysql不存在
2021-05-27 15:55:21 Config [INFO] 对不起，你的mysql不存在
2021-05-27 15:55:21 Config [INFO] 对不起，你的mysql不存在
2021-05-27 15:55:21 Config [INFO] 对不起，你的mysql不存在
2021-05-27 15:56:07 Config [INFO] 你的value值为：./drivers/chromedriver
2021-05-27 15:56:09 Config [INFO] 你的value值为：http://192.168.1.36/ecshop/admin
2021-05-27 15:56:14 BasePage [INFO] 你最大化了浏览器
2021-05-27 15:56:14 Login [INFO] 你往name属性为username的框中写入了caichang值
2021-05-27 15:56:21 Config [INFO] 对不起，你的mysql不存在
2021-05-27 15:56:21 Config [INFO] 对不起，你的mysql不存在
2021-05-27 15:56:21 Config [INFO] 对不起，你的mysql不存在
2021-05-27 15:56:21 Config [INFO] 对不起，你的mysql不存在
2021-05-27 15:56:21 Config [INFO] 对不起，你的mysql不存在
2021-05-27 15:59:21 Config [INFO] 你的value值为：./drivers/chromedriver
2021-05-27 15:59:24 Config [INFO] 你的value值为：http://192.168.1.36/ecshop/admin
2021-05-27 15:59:30 BasePage [INFO] 你最大化了浏览器
2021-05-27 15:59:30 Login [INFO] 你往name属性为username的框中写入了caichang值
2021-05-27 15:59:38 Config [INFO] 对不起，你的mysql不存在
2021-05-27 15:59:38 Config [INFO] 对不起，你的mysql不存在
2021-05-27 15:59:38 Config [INFO] 对不起，你的mysql不存在
2021-05-27 15:59:38 Config [INFO] 对不起，你的mysql不存在
2021-05-27 15:59:38 Config [INFO] 对不起，你的mysql不存在
2021-05-27 16:00:12 Config [INFO] 你的value值为：./drivers/chromedriver
2021-05-27 16:00:14 Config [INFO] 你的value值为：http://192.168.1.36/ecshop/admin
2021-05-27 16:00:19 BasePage [INFO] 你最大化了浏览器
2021-05-27 16:00:19 Login [INFO] 你往name属性为username的框中写入了caichang值
2021-05-27 16:00:27 Config [INFO] 对不起，你的mysql不存在
2021-05-27 16:00:27 Config [INFO] 对不起，你的mysql不存在
2021-05-27 16:00:27 Config [INFO] 对不起，你的mysql不存在
2021-05-27 16:00:27 Config [INFO] 对不起，你的mysql不存在
2021-05-27 16:00:27 Config [INFO] 对不起，你的mysql不存在
2021-05-27 16:01:13 Config [INFO] 你的value值为：./drivers/chromedriver
2021-05-27 16:01:16 Config [INFO] 你的value值为：http://192.168.1.36/ecshop/admin
2021-05-27 16:01:21 BasePage [INFO] 你最大化了浏览器
2021-05-27 16:01:21 Login [INFO] 你往name属性为username的框中写入了caichang值
2021-05-27 16:01:26 Config [INFO] 你的value值为：192.168.1.36
2021-05-27 16:01:26 Config [INFO] 你的value值为：root
2021-05-27 16:01:26 Config [INFO] 你的value值为：root
2021-05-27 16:01:26 Config [INFO] 你的value值为：ecshop
2021-05-27 16:01:26 Config [INFO] 你的value值为：3306
2021-05-27 16:01:26 TestGoods [INFO] <automation.dao.MySQLHelper.MySQLHelper object at 0x000000000363E488>
2021-05-27 16:01:26 TestGoods [INFO] select goods_name,is_on_sale from ecs_goods where goods_name like '%海王%'
2021-05-27 16:01:26 TestGoods [INFO] ('前程似锦尧是海王尧是海王', 1)
2021-05-27 16:02:47 Config [INFO] 你的value值为：./drivers/chromedriver
2021-05-27 16:02:50 Config [INFO] 你的value值为：http://192.168.1.36/ecshop/admin
2021-05-27 16:02:54 BasePage [INFO] 你最大化了浏览器
2021-05-27 16:02:54 Login [INFO] 你往name属性为username的框中写入了caichang值
2021-05-27 16:02:58 Config [INFO] 你的value值为：192.168.1.36
2021-05-27 16:02:58 Config [INFO] 你的value值为：root
2021-05-27 16:02:58 Config [INFO] 你的value值为：root
2021-05-27 16:02:58 Config [INFO] 你的value值为：ecshop
2021-05-27 16:02:58 Config [INFO] 你的value值为：3306
2021-05-27 16:02:58 TestGoods [INFO] <automation.dao.MySQLHelper.MySQLHelper object at 0x000000000364D448>
2021-05-27 16:02:58 TestGoods [INFO] select goods_name,is_on_sale from ecs_goods where goods_name like '%海王%'
2021-05-27 16:02:58 TestGoods [INFO] ('前程似锦尧是海王尧是海王', 1)
2021-05-27 16:03:03 BasePage [INFO] 超时或找不到元素
2021-05-27 16:06:42 Config [INFO] 你的value值为：./drivers/chromedriver
2021-05-27 16:06:45 Config [INFO] 你的value值为：http://192.168.1.36/ecshop/admin
2021-05-27 16:06:50 BasePage [INFO] 你最大化了浏览器
2021-05-27 16:06:50 Login [INFO] 你往name属性为username的框中写入了caichang值
2021-05-27 16:06:57 TestGoods [INFO] no.gif
2021-05-27 16:06:57 Config [INFO] 你的value值为：192.168.1.36
2021-05-27 16:06:57 Config [INFO] 你的value值为：root
2021-05-27 16:06:57 Config [INFO] 你的value值为：root
2021-05-27 16:06:57 Config [INFO] 你的value值为：ecshop
2021-05-27 16:06:57 Config [INFO] 你的value值为：3306
2021-05-27 16:06:57 TestGoods [INFO] <automation.dao.MySQLHelper.MySQLHelper object at 0x0000000003649988>
2021-05-27 16:06:57 TestGoods [INFO] select goods_name,is_on_sale from ecs_goods where goods_name like '%海王%'
2021-05-27 16:06:57 TestGoods [INFO] ('前程似锦尧是海王尧是海王', 1)
2021-05-27 16:06:57 TestGoods [INFO] 页面有变更或sql有错误
2021-05-27 16:10:40 Config [INFO] 你的value值为：./drivers/chromedriver
2021-05-27 16:10:43 Config [INFO] 你的value值为：http://192.168.1.36/ecshop/admin
2021-05-27 16:10:48 BasePage [INFO] 你最大化了浏览器
2021-05-27 16:10:48 Login [INFO] 你往name属性为username的框中写入了caichang值
2021-05-27 16:10:56 TestGoods [INFO] yes.gif
2021-05-27 16:10:56 Config [INFO] 你的value值为：192.168.1.36
2021-05-27 16:10:56 Config [INFO] 你的value值为：root
2021-05-27 16:10:56 Config [INFO] 你的value值为：root
2021-05-27 16:10:56 Config [INFO] 你的value值为：ecshop
2021-05-27 16:10:56 Config [INFO] 你的value值为：3306
2021-05-27 16:10:56 TestGoods [INFO] <automation.dao.MySQLHelper.MySQLHelper object at 0x0000000003202208>
2021-05-27 16:10:56 TestGoods [INFO] select goods_name,is_on_sale from ecs_goods where goods_name like '%海王%'
2021-05-27 16:10:56 TestGoods [INFO] ('尧海王', 0)
2021-05-27 16:10:56 TestGoods [INFO] 页面有变更或sql有错误
2021-05-27 16:12:23 Config [INFO] 你的value值为：./drivers/chromedriver
2021-05-27 16:12:26 Config [INFO] 你的value值为：http://192.168.1.36/ecshop/admin
2021-05-27 16:12:32 BasePage [INFO] 你最大化了浏览器
2021-05-27 16:12:32 Login [INFO] 你往name属性为username的框中写入了caichang值
2021-05-27 16:12:43 TestGoods [INFO] no.gif
2021-05-27 16:12:43 Config [INFO] 你的value值为：192.168.1.36
2021-05-27 16:12:43 Config [INFO] 你的value值为：root
2021-05-27 16:12:43 Config [INFO] 你的value值为：root
2021-05-27 16:12:43 Config [INFO] 你的value值为：ecshop
2021-05-27 16:12:43 Config [INFO] 你的value值为：3306
2021-05-27 16:12:43 TestGoods [INFO] <automation.dao.MySQLHelper.MySQLHelper object at 0x0000000003671848>
2021-05-27 16:12:43 TestGoods [INFO] select goods_name,is_on_sale from ecs_goods where goods_name like '%海王%'
2021-05-27 16:12:43 TestGoods [INFO] ('尧海王', 0)
2021-05-27 16:12:43 TestGoods [INFO] 0
2021-05-27 16:12:43 TestGoods [INFO] 0
2021-05-27 16:12:48 BasePage [INFO] 超时或找不到元素
2021-05-27 16:13:55 Config [INFO] 你的value值为：./drivers/chromedriver
2021-05-27 16:13:57 Config [INFO] 你的value值为：http://192.168.1.36/ecshop/admin
2021-05-27 16:14:02 BasePage [INFO] 你最大化了浏览器
2021-05-27 16:14:02 Login [INFO] 你往name属性为username的框中写入了caichang值
2021-05-27 16:14:11 TestGoods [INFO] no.gif
2021-05-27 16:14:11 Config [INFO] 你的value值为：192.168.1.36
2021-05-27 16:14:11 Config [INFO] 你的value值为：root
2021-05-27 16:14:11 Config [INFO] 你的value值为：root
2021-05-27 16:14:11 Config [INFO] 你的value值为：ecshop
2021-05-27 16:14:11 Config [INFO] 你的value值为：3306
2021-05-27 16:14:11 TestGoods [INFO] <automation.dao.MySQLHelper.MySQLHelper object at 0x0000000003219248>
2021-05-27 16:14:11 TestGoods [INFO] select goods_name,is_on_sale from ecs_goods where goods_name like '%海王%'
2021-05-27 16:14:11 TestGoods [INFO] ('尧海王', 0)
2021-05-27 16:14:11 TestGoods [INFO] 0
2021-05-27 16:14:11 TestGoods [INFO] 0
2021-05-27 16:14:16 BasePage [INFO] 超时或找不到元素
2021-05-27 16:15:02 Config [INFO] 你的value值为：./drivers/chromedriver
2021-05-27 16:15:04 Config [INFO] 你的value值为：http://192.168.1.36/ecshop/admin
2021-05-27 16:15:09 BasePage [INFO] 你最大化了浏览器
2021-05-27 16:15:09 Login [INFO] 你往name属性为username的框中写入了caichang值
2021-05-27 16:15:20 TestGoods [INFO] no.gif
2021-05-27 16:15:20 Config [INFO] 你的value值为：192.168.1.36
2021-05-27 16:15:20 Config [INFO] 你的value值为：root
2021-05-27 16:15:20 Config [INFO] 你的value值为：root
2021-05-27 16:15:20 Config [INFO] 你的value值为：ecshop
2021-05-27 16:15:20 Config [INFO] 你的value值为：3306
2021-05-27 16:15:20 TestGoods [INFO] <automation.dao.MySQLHelper.MySQLHelper object at 0x0000000003639A08>
2021-05-27 16:15:20 TestGoods [INFO] select goods_name,is_on_sale from ecs_goods where goods_name like '%海王%'
2021-05-27 16:15:20 TestGoods [INFO] ('尧海王', 0)
2021-05-27 16:15:20 TestGoods [INFO] 0
2021-05-27 16:15:20 TestGoods [INFO] 0
2021-05-27 16:15:25 BasePage [INFO] 超时或找不到元素
2021-05-27 16:20:31 Config [INFO] 你的value值为：./drivers/chromedriver
2021-05-27 16:20:34 Config [INFO] 你的value值为：http://192.168.1.36/ecshop/admin
2021-05-27 16:20:39 BasePage [INFO] 你最大化了浏览器
2021-05-27 16:20:39 Login [INFO] 你往name属性为username的框中写入了caichang值
2021-05-27 16:20:47 TestGoods [INFO] no.gif
2021-05-27 16:20:47 Config [INFO] 你的value值为：192.168.1.36
2021-05-27 16:20:47 Config [INFO] 你的value值为：root
2021-05-27 16:20:47 Config [INFO] 你的value值为：root
2021-05-27 16:20:47 Config [INFO] 你的value值为：ecshop
2021-05-27 16:20:47 Config [INFO] 你的value值为：3306
2021-05-27 16:20:47 TestGoods [INFO] <automation.dao.MySQLHelper.MySQLHelper object at 0x000000000361D408>
2021-05-27 16:20:47 TestGoods [INFO] select goods_name,is_on_sale from ecs_goods where goods_name like '%海王%'
2021-05-27 16:20:47 TestGoods [INFO] ('尧海王', 1)
2021-05-27 16:20:47 TestGoods [INFO] 1
2021-05-27 16:20:47 TestGoods [INFO] 0
2021-05-27 16:20:47 TestGoods [INFO] 页面有变更或sql有错误
2021-05-27 16:22:21 Config [INFO] 你的value值为：./drivers/chromedriver
2021-05-27 16:22:24 Config [INFO] 你的value值为：http://192.168.1.36/ecshop/admin
2021-05-27 16:22:29 BasePage [INFO] 你最大化了浏览器
2021-05-27 16:22:29 Login [INFO] 你往name属性为username的框中写入了caichang值
2021-05-27 16:22:36 TestGoods [INFO] no.gif
2021-05-27 16:22:36 Config [INFO] 你的value值为：192.168.1.36
2021-05-27 16:22:36 Config [INFO] 你的value值为：root
2021-05-27 16:22:36 Config [INFO] 你的value值为：root
2021-05-27 16:22:36 Config [INFO] 你的value值为：ecshop
2021-05-27 16:22:36 Config [INFO] 你的value值为：3306
2021-05-27 16:22:36 TestGoods [INFO] <automation.dao.MySQLHelper.MySQLHelper object at 0x0000000003648348>
2021-05-27 16:22:36 TestGoods [INFO] select goods_name,is_on_sale from ecs_goods where goods_name like '%尧海王%'
2021-05-27 16:22:36 TestGoods [INFO] ('尧海王', 0)
2021-05-27 16:22:36 TestGoods [INFO] 0
2021-05-27 16:22:36 TestGoods [INFO] 0
2021-05-27 16:22:41 BasePage [INFO] 超时或找不到元素
2021-05-27 16:24:34 Config [INFO] 你的value值为：./drivers/chromedriver
2021-05-27 16:24:37 Config [INFO] 你的value值为：http://192.168.1.36/ecshop/admin
2021-05-27 16:24:44 BasePage [INFO] 你最大化了浏览器
2021-05-27 16:24:44 Login [INFO] 你往name属性为username的框中写入了caichang值
2021-05-27 16:24:53 TestGoods [INFO] no.gif
2021-05-27 16:24:53 Config [INFO] 你的value值为：192.168.1.36
2021-05-27 16:24:53 Config [INFO] 你的value值为：root
2021-05-27 16:24:53 Config [INFO] 你的value值为：root
2021-05-27 16:24:53 Config [INFO] 你的value值为：ecshop
2021-05-27 16:24:53 Config [INFO] 你的value值为：3306
2021-05-27 16:24:53 TestGoods [INFO] <automation.dao.MySQLHelper.MySQLHelper object at 0x0000000003647B88>
2021-05-27 16:24:53 TestGoods [INFO] select goods_name,is_on_sale from ecs_goods where goods_name like '%尧海王%'
2021-05-27 16:24:53 TestGoods [INFO] ('尧海王', 0)
2021-05-27 16:24:53 TestGoods [INFO] 0
2021-05-27 16:24:53 TestGoods [INFO] 0
2021-05-27 16:24:58 BasePage [INFO] 超时或找不到元素
2021-05-27 16:28:14 Config [INFO] 你的value值为：./drivers/chromedriver
2021-05-27 16:28:17 Config [INFO] 你的value值为：http://192.168.1.36/ecshop/admin
2021-05-27 16:28:21 BasePage [INFO] 你最大化了浏览器
2021-05-27 16:28:21 Login [INFO] 你往name属性为username的框中写入了caichang值
2021-05-27 16:28:35 TestGoods [INFO] yes.gif
2021-05-27 16:28:35 Config [INFO] 你的value值为：192.168.1.36
2021-05-27 16:28:35 Config [INFO] 你的value值为：root
2021-05-27 16:28:35 Config [INFO] 你的value值为：root
2021-05-27 16:28:35 Config [INFO] 你的value值为：ecshop
2021-05-27 16:28:35 Config [INFO] 你的value值为：3306
2021-05-27 16:28:35 TestGoods [INFO] <automation.dao.MySQLHelper.MySQLHelper object at 0x0000000003637908>
2021-05-27 16:28:35 TestGoods [INFO] select goods_name,is_on_sale from ecs_goods where goods_name like '%尧海王%'
2021-05-27 16:28:35 TestGoods [INFO] ('尧海王', 1)
2021-05-27 16:28:35 TestGoods [INFO] 1
2021-05-27 16:28:35 TestGoods [INFO] 1
2021-05-27 16:28:36 TestGoods [INFO] 1
2021-05-27 16:28:38 TestGoods [INFO] 测试不通过
2021-05-27 16:29:04 Config [INFO] 你的value值为：./drivers/chromedriver
2021-05-27 16:29:06 Config [INFO] 你的value值为：http://192.168.1.36/ecshop/admin
2021-05-27 16:29:11 BasePage [INFO] 你最大化了浏览器
2021-05-27 16:29:11 Login [INFO] 你往name属性为username的框中写入了caichang值
2021-05-27 16:29:22 TestGoods [INFO] no.gif
2021-05-27 16:29:22 Config [INFO] 你的value值为：192.168.1.36
2021-05-27 16:29:22 Config [INFO] 你的value值为：root
2021-05-27 16:29:22 Config [INFO] 你的value值为：root
2021-05-27 16:29:22 Config [INFO] 你的value值为：ecshop
2021-05-27 16:29:22 Config [INFO] 你的value值为：3306
2021-05-27 16:29:22 TestGoods [INFO] <automation.dao.MySQLHelper.MySQLHelper object at 0x000000000363E3C8>
2021-05-27 16:29:22 TestGoods [INFO] select goods_name,is_on_sale from ecs_goods where goods_name like '%尧海王%'
2021-05-27 16:29:22 TestGoods [INFO] ('尧海王', 0)
2021-05-27 16:29:22 TestGoods [INFO] 0
2021-05-27 16:29:22 TestGoods [INFO] 0
2021-05-27 16:29:22 TestGoods [INFO] 0
2021-05-27 16:29:24 TestGoods [INFO] 测试通过
2021-05-27 16:33:29 Config [INFO] 你的value值为：192.168.1.36
2021-05-27 16:33:29 Config [INFO] 你的value值为：root
2021-05-27 16:33:29 Config [INFO] 你的value值为：root
2021-05-27 16:33:29 Config [INFO] 你的value值为：ecshop
2021-05-27 16:33:29 Config [INFO] 你的value值为：3306
2021-05-27 16:33:29 Config [INFO] 你的value值为：./drivers/chromedriver
2021-05-27 16:33:32 Config [INFO] 你的value值为：http://192.168.1.36/ecshop/admin
2021-05-27 16:33:37 BasePage [INFO] 你最大化了浏览器
2021-05-27 16:33:37 Login [INFO] 你往name属性为username的框中写入了caichang值
2021-05-27 16:33:44 TestGoods [INFO] no.gif
2021-05-27 16:39:15 Config [INFO] 你的value值为：./drivers/chromedriver
2021-05-27 16:39:18 Config [INFO] 你的value值为：http://192.168.1.36/ecshop/admin
2021-05-27 16:39:23 BasePage [INFO] 你最大化了浏览器
2021-05-27 16:39:23 Login [INFO] 你往name属性为username的框中写入了caichang值
2021-05-27 16:39:29 Config [INFO] 你的value值为：192.168.1.36
2021-05-27 16:39:29 Config [INFO] 你的value值为：root
2021-05-27 16:39:29 Config [INFO] 你的value值为：root
2021-05-27 16:39:29 Config [INFO] 你的value值为：ecshop
2021-05-27 16:39:29 Config [INFO] 你的value值为：3306
2021-05-27 16:39:31 TestGoods [INFO] yes.gif
2021-05-27 16:39:31 TestGoods [INFO] 页面有变更或sql有错误
2021-05-27 16:40:45 Config [INFO] 你的value值为：./drivers/chromedriver
2021-05-27 16:40:47 Config [INFO] 你的value值为：http://192.168.1.36/ecshop/admin
2021-05-27 16:40:52 BasePage [INFO] 你最大化了浏览器
2021-05-27 16:40:52 Login [INFO] 你往name属性为username的框中写入了caichang值
2021-05-27 16:40:57 Config [INFO] 你的value值为：192.168.1.36
2021-05-27 16:40:57 Config [INFO] 你的value值为：root
2021-05-27 16:40:57 Config [INFO] 你的value值为：root
2021-05-27 16:40:57 Config [INFO] 你的value值为：ecshop
2021-05-27 16:40:57 Config [INFO] 你的value值为：3306
2021-05-27 16:40:59 TestGoods [INFO] no.gif
2021-05-27 16:40:59 TestGoods [INFO] 页面有变更或sql有错误
2021-05-27 16:41:46 Config [INFO] 你的value值为：./drivers/chromedriver
2021-05-27 16:41:49 Config [INFO] 你的value值为：http://192.168.1.36/ecshop/admin
2021-05-27 16:41:54 BasePage [INFO] 你最大化了浏览器
2021-05-27 16:41:54 Login [INFO] 你往name属性为username的框中写入了caichang值
2021-05-27 16:42:02 TestGoods [INFO] yes.gif
2021-05-27 16:42:02 Config [INFO] 你的value值为：192.168.1.36
2021-05-27 16:42:02 Config [INFO] 你的value值为：root
2021-05-27 16:42:02 Config [INFO] 你的value值为：root
2021-05-27 16:42:02 Config [INFO] 你的value值为：ecshop
2021-05-27 16:42:02 Config [INFO] 你的value值为：3306
2021-05-27 16:42:02 TestGoods [INFO] 1
2021-05-27 16:42:04 TestGoods [INFO] 测试不通过
2021-05-27 16:42:18 Config [INFO] 你的value值为：./drivers/chromedriver
2021-05-27 16:42:21 Config [INFO] 你的value值为：http://192.168.1.36/ecshop/admin
2021-05-27 16:42:26 BasePage [INFO] 你最大化了浏览器
2021-05-27 16:42:26 Login [INFO] 你往name属性为username的框中写入了caichang值
2021-05-27 16:42:35 TestGoods [INFO] no.gif
2021-05-27 16:42:35 Config [INFO] 你的value值为：192.168.1.36
2021-05-27 16:42:35 Config [INFO] 你的value值为：root
2021-05-27 16:42:35 Config [INFO] 你的value值为：root
2021-05-27 16:42:35 Config [INFO] 你的value值为：ecshop
2021-05-27 16:42:35 Config [INFO] 你的value值为：3306
2021-05-27 16:42:35 TestGoods [INFO] 0
2021-05-27 16:42:37 TestGoods [INFO] 测试通过
2021-05-27 16:45:13 Config [INFO] 你的value值为：./drivers/chromedriver
2021-05-27 16:45:16 Config [INFO] 你的value值为：http://192.168.1.36/ecshop/admin
2021-05-27 16:45:21 BasePage [INFO] 你最大化了浏览器
2021-05-27 16:45:21 Login [INFO] 你往name属性为username的框中写入了caichang值
2021-05-27 16:45:31 TestGoods [INFO] no.gif
2021-05-27 16:45:31 Config [INFO] 你的value值为：192.168.1.36
2021-05-27 16:45:31 Config [INFO] 你的value值为：root
2021-05-27 16:45:31 Config [INFO] 你的value值为：root
2021-05-27 16:45:31 Config [INFO] 你的value值为：ecshop
2021-05-27 16:45:31 Config [INFO] 你的value值为：3306
2021-05-27 16:45:31 TestGoods [INFO] 0
2021-05-27 16:46:01 Config [INFO] 你的value值为：./drivers/chromedriver
2021-05-27 16:46:04 Config [INFO] 你的value值为：http://192.168.1.36/ecshop/admin
2021-05-27 16:46:09 BasePage [INFO] 你最大化了浏览器
2021-05-27 16:46:09 Login [INFO] 你往name属性为username的框中写入了caichang值
2021-05-27 16:46:17 TestGoods [INFO] no.gif
2021-05-27 16:46:17 Config [INFO] 你的value值为：192.168.1.36
2021-05-27 16:46:17 Config [INFO] 你的value值为：root
2021-05-27 16:46:17 Config [INFO] 你的value值为：root
2021-05-27 16:46:17 Config [INFO] 你的value值为：ecshop
2021-05-27 16:46:17 Config [INFO] 你的value值为：3306
2021-05-27 16:46:17 TestGoods [INFO] 0
2021-05-27 17:36:50 Config [INFO] 你的value值为：./drivers/chromedriver
2021-05-27 17:36:52 Config [INFO] 你的value值为：http://192.168.1.36/ecshop/admin
2021-05-27 17:37:01 Login [INFO] 你往name属性为username的框中写入了caichang值
2021-05-27 17:37:01 Login [INFO] 你往name属性为username的框中写入了caichang值
2021-05-27 17:37:06 Config [INFO] 你的value值为：./drivers/chromedriver
2021-05-27 17:37:08 Config [INFO] 你的value值为：http://192.168.1.36/ecshop/admin
2021-05-27 17:37:12 Login [INFO] 你往name属性为username的框中写入了caichang值
2021-05-27 17:37:12 Login [INFO] 你往name属性为username的框中写入了caichang值
2021-05-27 17:37:16 Config [INFO] 你的value值为：./drivers/chromedriver
2021-05-27 17:37:18 Config [INFO] 你的value值为：http://192.168.1.36/ecshop/admin
2021-05-27 17:37:19 Login [INFO] 你往name属性为username的框中写入了caichang值
2021-05-27 17:37:19 Login [INFO] 你往name属性为username的框中写入了caichang值
2021-05-27 17:37:24 TestGoods [INFO] no.gif
2021-05-27 17:37:24 Config [INFO] 你的value值为：192.168.1.36
2021-05-27 17:37:24 Config [INFO] 你的value值为：root
2021-05-27 17:37:24 Config [INFO] 你的value值为：root
2021-05-27 17:37:24 Config [INFO] 你的value值为：ecshop
2021-05-27 17:37:24 Config [INFO] 你的value值为：3306
2021-05-27 17:37:24 TestGoods [INFO] select goods_name,is_on_sale from ecs_goods where goods_name like '%尧海王%'
2021-05-27 17:41:43 Config [INFO] 你的value值为：./drivers/chromedriver
2021-05-27 17:41:45 Config [INFO] 你的value值为：http://192.168.1.36/ecshop/admin
2021-05-27 17:41:48 Login [INFO] 你往name属性为username的框中写入了caichang值
2021-05-27 17:41:48 Login [INFO] 你往name属性为username的框中写入了caichang值
2021-05-27 17:41:53 Config [INFO] 你的value值为：./drivers/chromedriver
2021-05-27 17:41:55 Config [INFO] 你的value值为：http://192.168.1.36/ecshop/admin
2021-05-27 17:41:59 Login [INFO] 你往name属性为username的框中写入了caichang值
2021-05-27 17:41:59 Login [INFO] 你往name属性为username的框中写入了caichang值
2021-05-27 17:42:04 Config [INFO] 你的value值为：./drivers/chromedriver
2021-05-27 17:42:05 Config [INFO] 你的value值为：http://192.168.1.36/ecshop/admin
2021-05-27 17:42:07 Login [INFO] 你往name属性为username的框中写入了caichang值
2021-05-27 17:42:07 Login [INFO] 你往name属性为username的框中写入了caichang值
2021-05-27 17:42:11 TestGoods [INFO] no.gif
2021-05-27 17:56:58 Config [INFO] 你的value值为：./drivers/chromedriver
2021-05-27 17:57:00 Config [INFO] 你的value值为：http://192.168.1.36/ecshop/admin
2021-05-27 17:57:02 Login [INFO] 你往name属性为username的框中写入了caichang值
2021-05-27 17:57:02 Login [INFO] 你往name属性为username的框中写入了caichang值
2021-05-27 17:57:07 Config [INFO] 你的value值为：./drivers/chromedriver
2021-05-27 17:57:09 Config [INFO] 你的value值为：http://192.168.1.36/ecshop/admin
2021-05-27 17:57:10 Login [INFO] 你往name属性为username的框中写入了caichang值
2021-05-27 17:57:10 Login [INFO] 你往name属性为username的框中写入了caichang值
2021-05-27 17:57:13 Config [INFO] 你的value值为：./drivers/chromedriver
2021-05-27 17:57:14 Config [INFO] 你的value值为：http://192.168.1.36/ecshop/admin
2021-05-27 17:57:16 Login [INFO] 你往name属性为username的框中写入了caichang值
2021-05-27 17:57:16 Login [INFO] 你往name属性为username的框中写入了caichang值
2021-05-27 17:57:20 TestGoods [INFO] yes.gif
2021-05-27 18:07:19 Config [INFO] 你的value值为：./drivers/chromedriver
2021-05-27 18:07:21 Config [INFO] 你的value值为：http://192.168.1.36/ecshop/admin
2021-05-27 18:07:25 Login [INFO] 你往name属性为username的框中写入了caichang值
2021-05-27 18:07:25 Login [INFO] 你往name属性为username的框中写入了caichang值
2021-05-27 18:07:28 Config [INFO] 你的value值为：./drivers/chromedriver
2021-05-27 18:07:30 Config [INFO] 你的value值为：http://192.168.1.36/ecshop/admin
2021-05-27 18:07:32 Login [INFO] 你往name属性为username的框中写入了caichang值
2021-05-27 18:07:32 Login [INFO] 你往name属性为username的框中写入了caichang值
2021-05-27 18:07:35 Config [INFO] 你的value值为：./drivers/chromedriver
2021-05-27 18:07:36 Config [INFO] 你的value值为：http://192.168.1.36/ecshop/admin
2021-05-27 18:07:38 Login [INFO] 你往name属性为username的框中写入了caichang值
2021-05-27 18:07:38 Login [INFO] 你往name属性为username的框中写入了caichang值
2021-05-27 18:07:42 TestGoods [INFO] no.gif
2021-05-27 18:11:12 Config [INFO] 你的value值为：./drivers/chromedriver
2021-05-27 18:11:14 Config [INFO] 你的value值为：http://192.168.1.36/ecshop/admin
2021-05-27 18:11:15 Login [INFO] 你往name属性为username的框中写入了caichang值
2021-05-27 18:11:15 Login [INFO] 你往name属性为username的框中写入了caichang值
2021-05-27 18:11:19 Config [INFO] 你的value值为：./drivers/chromedriver
2021-05-27 18:11:20 Config [INFO] 你的value值为：http://192.168.1.36/ecshop/admin
2021-05-27 18:11:21 Config [INFO] 你的value值为：./drivers/chromedriver
2021-05-27 18:11:23 Config [INFO] 你的value值为：http://192.168.1.36/ecshop/admin
